   1              		.syntax unified
   2              		.cpu cortex-m3
   3              		.fpu softvfp
   4              		.eabi_attribute 20, 1
   5              		.eabi_attribute 21, 1
   6              		.eabi_attribute 23, 3
   7              		.eabi_attribute 24, 1
   8              		.eabi_attribute 25, 1
   9              		.eabi_attribute 26, 1
  10              		.eabi_attribute 30, 4
  11              		.eabi_attribute 34, 1
  12              		.eabi_attribute 18, 4
  13              		.thumb
  14              		.file	"atof.c"
  15              		.text
  16              	.Ltext0:
  17              		.cfi_sections	.debug_frame
  18              		.global	__aeabi_i2d
  19              		.global	__aeabi_dmul
  20              		.global	__aeabi_dadd
  21              		.global	__aeabi_dcmplt
  22              		.align	1
  23              		.global	atof
  24              		.thumb
  25              		.thumb_func
  27              	atof:
  28              	.LFB0:
  29              		.file 1 "cmath/atof.c"
   1:cmath/atof.c  **** /*
   2:cmath/atof.c  ****  * atof.c
   3:cmath/atof.c  ****  */
   4:cmath/atof.c  **** 
   5:cmath/atof.c  **** #include <stdlib.h>
   6:cmath/atof.c  **** #include <math.h>
   7:cmath/atof.c  **** #include "printf.h"
   8:cmath/atof.c  **** 
   9:cmath/atof.c  **** #define PZERO 38			/* index of 1e0 in powten[]	*/
  10:cmath/atof.c  **** #define PMAX 76				/* highest index of powten[]	*/
  11:cmath/atof.c  **** #define HUGE_NOR 1.70141183460469228		/* normalised HUGE	*/
  12:cmath/atof.c  **** 
  13:cmath/atof.c  **** extern const double powten[];
  14:cmath/atof.c  **** 
  15:cmath/atof.c  **** double atof( const char *s ) /* convert string s to double */
  16:cmath/atof.c  **** {
  30              		.loc 1 16 0
  31              		.cfi_startproc
  32              		@ args = 0, pretend = 0, frame = 0
  33              		@ frame_needed = 0, uses_anonymous_args = 0
  34              	.LVL0:
  35 0000 2DE9F84F 		push	{r3, r4, r5, r6, r7, r8, r9, sl, fp, lr}
  36              	.LCFI0:
  37              		.cfi_def_cfa_offset 40
  38              		.cfi_offset 3, -40
  39              		.cfi_offset 4, -36
  40              		.cfi_offset 5, -32
  41              		.cfi_offset 6, -28
  42              		.cfi_offset 7, -24
  43              		.cfi_offset 8, -20
  44              		.cfi_offset 9, -16
  45              		.cfi_offset 10, -12
  46              		.cfi_offset 11, -8
  47              		.cfi_offset 14, -4
  48 0004 5C4A     		ldr	r2, .L42+8
  49              		.loc 1 16 0
  50 0006 8246     		mov	sl, r0
  17:cmath/atof.c  ****     double val;
  18:cmath/atof.c  ****     int i, j, sign, esign, ex, ex1;
  19:cmath/atof.c  **** 
  20:cmath/atof.c  **** /* skip white space */
  21:cmath/atof.c  ****     for( i = 0; s[i] == ' ' || s[i] == '\n' || s[i] == '\t'; i++ )
  51              		.loc 1 21 0
  52 0008 0026     		movs	r6, #0
  53 000a 00E0     		b	.L2
  54              	.LVL1:
  55              	.L3:
  56              		.loc 1 21 0 is_stmt 0 discriminator 2
  57 000c 0136     		adds	r6, r6, #1
  58              	.LVL2:
  59              	.L2:
  60              		.loc 1 21 0 discriminator 1
  61 000e 1AF80690 		ldrb	r9, [sl, r6]	@ zero_extendqisi2
  62 0012 A9F10903 		sub	r3, r9, #9
  63 0016 D9B2     		uxtb	r1, r3
  64 0018 1729     		cmp	r1, #23
  65 001a 03D8     		bhi	.L4
  66 001c 5BB2     		sxtb	r3, r3
  67 001e 12FA03F3 		lsls	r3, r2, r3
  68 0022 F3D4     		bmi	.L3
  69              	.L4:
  70              	.LVL3:
  22:cmath/atof.c  ****     	;
  23:cmath/atof.c  **** 
  24:cmath/atof.c  **** /* set sign to be +1 or -1 */
  25:cmath/atof.c  ****     sign = 1;
  26:cmath/atof.c  ****     if( s[i] == '+' || s[i] == '-' )    /* sign */
  71              		.loc 1 26 0 is_stmt 1
  72 0024 B9F12B0F 		cmp	r9, #43
  73 0028 02D0     		beq	.L5
  74              		.loc 1 26 0 is_stmt 0 discriminator 1
  75 002a B9F12D0F 		cmp	r9, #45
  76 002e 08D1     		bne	.L23
  77              	.L5:
  27:cmath/atof.c  **** 	sign = ( s[i++] == '+') ? 1 : -1;
  78              		.loc 1 27 0 is_stmt 1
  79 0030 0136     		adds	r6, r6, #1
  80              	.LVL4:
  81 0032 B9F12B0F 		cmp	r9, #43
  82 0036 14BF     		ite	ne
  83 0038 4FF0FF39 		movne	r9, #-1
  84 003c 4FF00109 		moveq	r9, #1
  85 0040 01E0     		b	.L6
  86              	.L23:
  25:cmath/atof.c  ****     sign = 1;
  87              		.loc 1 25 0
  88 0042 4FF00109 		mov	r9, #1
  89              	.L6:
  90              	.LVL5:
  28:cmath/atof.c  **** 
  29:cmath/atof.c  **** /* read digits and build value for as long as there are digits */
  30:cmath/atof.c  ****     ex = PZERO - 1;
  31:cmath/atof.c  ****     for( val = 0.0, j = PZERO; s[i] >= '0' && s[i] <= '9'; i++) 
  91              		.loc 1 31 0
  92 0046 2627     		movs	r7, #38
  93 0048 0024     		movs	r4, #0
  94 004a 0025     		movs	r5, #0
  95              		.file 2 "c:\\program files (x86)\\codesourcery\\sourcery_codebench_lite_for_arm_eabi\\bin\\../lib/
   1:c:\program files (x86)\codesourcery\sourcery_codebench_lite_for_arm_eabi\bin\../lib/gcc/arm-none-eabi/4.7.2/../../../../arm-none-eabi/include\stdlib.h **** /*
   2:c:\program files (x86)\codesourcery\sourcery_codebench_lite_for_arm_eabi\bin\../lib/gcc/arm-none-eabi/4.7.2/../../../../arm-none-eabi/include\stdlib.h ****  * stdlib.h
   3:c:\program files (x86)\codesourcery\sourcery_codebench_lite_for_arm_eabi\bin\../lib/gcc/arm-none-eabi/4.7.2/../../../../arm-none-eabi/include\stdlib.h ****  *
   4:c:\program files (x86)\codesourcery\sourcery_codebench_lite_for_arm_eabi\bin\../lib/gcc/arm-none-eabi/4.7.2/../../../../arm-none-eabi/include\stdlib.h ****  * Definitions for common types, variables, and functions.
   5:c:\program files (x86)\codesourcery\sourcery_codebench_lite_for_arm_eabi\bin\../lib/gcc/arm-none-eabi/4.7.2/../../../../arm-none-eabi/include\stdlib.h ****  */
   6:c:\program files (x86)\codesourcery\sourcery_codebench_lite_for_arm_eabi\bin\../lib/gcc/arm-none-eabi/4.7.2/../../../../arm-none-eabi/include\stdlib.h **** 
   7:c:\program files (x86)\codesourcery\sourcery_codebench_lite_for_arm_eabi\bin\../lib/gcc/arm-none-eabi/4.7.2/../../../../arm-none-eabi/include\stdlib.h **** #ifndef _STDLIB_H_
   8:c:\program files (x86)\codesourcery\sourcery_codebench_lite_for_arm_eabi\bin\../lib/gcc/arm-none-eabi/4.7.2/../../../../arm-none-eabi/include\stdlib.h **** #define _STDLIB_H_
   9:c:\program files (x86)\codesourcery\sourcery_codebench_lite_for_arm_eabi\bin\../lib/gcc/arm-none-eabi/4.7.2/../../../../arm-none-eabi/include\stdlib.h **** 
  10:c:\program files (x86)\codesourcery\sourcery_codebench_lite_for_arm_eabi\bin\../lib/gcc/arm-none-eabi/4.7.2/../../../../arm-none-eabi/include\stdlib.h **** #include <machine/ieeefp.h>
  11:c:\program files (x86)\codesourcery\sourcery_codebench_lite_for_arm_eabi\bin\../lib/gcc/arm-none-eabi/4.7.2/../../../../arm-none-eabi/include\stdlib.h **** #include "_ansi.h"
  12:c:\program files (x86)\codesourcery\sourcery_codebench_lite_for_arm_eabi\bin\../lib/gcc/arm-none-eabi/4.7.2/../../../../arm-none-eabi/include\stdlib.h **** 
  13:c:\program files (x86)\codesourcery\sourcery_codebench_lite_for_arm_eabi\bin\../lib/gcc/arm-none-eabi/4.7.2/../../../../arm-none-eabi/include\stdlib.h ****   /* Indicate that we honor AEABI portability if requested.  */
  14:c:\program files (x86)\codesourcery\sourcery_codebench_lite_for_arm_eabi\bin\../lib/gcc/arm-none-eabi/4.7.2/../../../../arm-none-eabi/include\stdlib.h **** #if defined _AEABI_PORTABILITY_LEVEL && _AEABI_PORTABILITY_LEVEL != 0 && !defined _AEABI_PORTABLE
  15:c:\program files (x86)\codesourcery\sourcery_codebench_lite_for_arm_eabi\bin\../lib/gcc/arm-none-eabi/4.7.2/../../../../arm-none-eabi/include\stdlib.h **** # define _AEABI_PORTABLE
  16:c:\program files (x86)\codesourcery\sourcery_codebench_lite_for_arm_eabi\bin\../lib/gcc/arm-none-eabi/4.7.2/../../../../arm-none-eabi/include\stdlib.h **** #endif
  17:c:\program files (x86)\codesourcery\sourcery_codebench_lite_for_arm_eabi\bin\../lib/gcc/arm-none-eabi/4.7.2/../../../../arm-none-eabi/include\stdlib.h **** 
  18:c:\program files (x86)\codesourcery\sourcery_codebench_lite_for_arm_eabi\bin\../lib/gcc/arm-none-eabi/4.7.2/../../../../arm-none-eabi/include\stdlib.h **** #define __need_size_t
  19:c:\program files (x86)\codesourcery\sourcery_codebench_lite_for_arm_eabi\bin\../lib/gcc/arm-none-eabi/4.7.2/../../../../arm-none-eabi/include\stdlib.h **** #define __need_wchar_t
  20:c:\program files (x86)\codesourcery\sourcery_codebench_lite_for_arm_eabi\bin\../lib/gcc/arm-none-eabi/4.7.2/../../../../arm-none-eabi/include\stdlib.h **** #include <stddef.h>
  21:c:\program files (x86)\codesourcery\sourcery_codebench_lite_for_arm_eabi\bin\../lib/gcc/arm-none-eabi/4.7.2/../../../../arm-none-eabi/include\stdlib.h **** 
  22:c:\program files (x86)\codesourcery\sourcery_codebench_lite_for_arm_eabi\bin\../lib/gcc/arm-none-eabi/4.7.2/../../../../arm-none-eabi/include\stdlib.h **** #include <sys/reent.h>
  23:c:\program files (x86)\codesourcery\sourcery_codebench_lite_for_arm_eabi\bin\../lib/gcc/arm-none-eabi/4.7.2/../../../../arm-none-eabi/include\stdlib.h **** #include <machine/stdlib.h>
  24:c:\program files (x86)\codesourcery\sourcery_codebench_lite_for_arm_eabi\bin\../lib/gcc/arm-none-eabi/4.7.2/../../../../arm-none-eabi/include\stdlib.h **** #ifndef __STRICT_ANSI__
  25:c:\program files (x86)\codesourcery\sourcery_codebench_lite_for_arm_eabi\bin\../lib/gcc/arm-none-eabi/4.7.2/../../../../arm-none-eabi/include\stdlib.h **** #include <alloca.h>
  26:c:\program files (x86)\codesourcery\sourcery_codebench_lite_for_arm_eabi\bin\../lib/gcc/arm-none-eabi/4.7.2/../../../../arm-none-eabi/include\stdlib.h **** #endif
  27:c:\program files (x86)\codesourcery\sourcery_codebench_lite_for_arm_eabi\bin\../lib/gcc/arm-none-eabi/4.7.2/../../../../arm-none-eabi/include\stdlib.h **** 
  28:c:\program files (x86)\codesourcery\sourcery_codebench_lite_for_arm_eabi\bin\../lib/gcc/arm-none-eabi/4.7.2/../../../../arm-none-eabi/include\stdlib.h **** #ifdef __CYGWIN__
  29:c:\program files (x86)\codesourcery\sourcery_codebench_lite_for_arm_eabi\bin\../lib/gcc/arm-none-eabi/4.7.2/../../../../arm-none-eabi/include\stdlib.h **** #include <cygwin/stdlib.h>
  30:c:\program files (x86)\codesourcery\sourcery_codebench_lite_for_arm_eabi\bin\../lib/gcc/arm-none-eabi/4.7.2/../../../../arm-none-eabi/include\stdlib.h **** #endif
  31:c:\program files (x86)\codesourcery\sourcery_codebench_lite_for_arm_eabi\bin\../lib/gcc/arm-none-eabi/4.7.2/../../../../arm-none-eabi/include\stdlib.h **** 
  32:c:\program files (x86)\codesourcery\sourcery_codebench_lite_for_arm_eabi\bin\../lib/gcc/arm-none-eabi/4.7.2/../../../../arm-none-eabi/include\stdlib.h **** _BEGIN_STD_C
  33:c:\program files (x86)\codesourcery\sourcery_codebench_lite_for_arm_eabi\bin\../lib/gcc/arm-none-eabi/4.7.2/../../../../arm-none-eabi/include\stdlib.h **** 
  34:c:\program files (x86)\codesourcery\sourcery_codebench_lite_for_arm_eabi\bin\../lib/gcc/arm-none-eabi/4.7.2/../../../../arm-none-eabi/include\stdlib.h **** typedef struct 
  35:c:\program files (x86)\codesourcery\sourcery_codebench_lite_for_arm_eabi\bin\../lib/gcc/arm-none-eabi/4.7.2/../../../../arm-none-eabi/include\stdlib.h **** {
  36:c:\program files (x86)\codesourcery\sourcery_codebench_lite_for_arm_eabi\bin\../lib/gcc/arm-none-eabi/4.7.2/../../../../arm-none-eabi/include\stdlib.h ****   int quot; /* quotient */
  37:c:\program files (x86)\codesourcery\sourcery_codebench_lite_for_arm_eabi\bin\../lib/gcc/arm-none-eabi/4.7.2/../../../../arm-none-eabi/include\stdlib.h ****   int rem; /* remainder */
  38:c:\program files (x86)\codesourcery\sourcery_codebench_lite_for_arm_eabi\bin\../lib/gcc/arm-none-eabi/4.7.2/../../../../arm-none-eabi/include\stdlib.h **** } div_t;
  39:c:\program files (x86)\codesourcery\sourcery_codebench_lite_for_arm_eabi\bin\../lib/gcc/arm-none-eabi/4.7.2/../../../../arm-none-eabi/include\stdlib.h **** 
  40:c:\program files (x86)\codesourcery\sourcery_codebench_lite_for_arm_eabi\bin\../lib/gcc/arm-none-eabi/4.7.2/../../../../arm-none-eabi/include\stdlib.h **** typedef struct 
  41:c:\program files (x86)\codesourcery\sourcery_codebench_lite_for_arm_eabi\bin\../lib/gcc/arm-none-eabi/4.7.2/../../../../arm-none-eabi/include\stdlib.h **** {
  42:c:\program files (x86)\codesourcery\sourcery_codebench_lite_for_arm_eabi\bin\../lib/gcc/arm-none-eabi/4.7.2/../../../../arm-none-eabi/include\stdlib.h ****   long quot; /* quotient */
  43:c:\program files (x86)\codesourcery\sourcery_codebench_lite_for_arm_eabi\bin\../lib/gcc/arm-none-eabi/4.7.2/../../../../arm-none-eabi/include\stdlib.h ****   long rem; /* remainder */
  44:c:\program files (x86)\codesourcery\sourcery_codebench_lite_for_arm_eabi\bin\../lib/gcc/arm-none-eabi/4.7.2/../../../../arm-none-eabi/include\stdlib.h **** } ldiv_t;
  45:c:\program files (x86)\codesourcery\sourcery_codebench_lite_for_arm_eabi\bin\../lib/gcc/arm-none-eabi/4.7.2/../../../../arm-none-eabi/include\stdlib.h **** 
  46:c:\program files (x86)\codesourcery\sourcery_codebench_lite_for_arm_eabi\bin\../lib/gcc/arm-none-eabi/4.7.2/../../../../arm-none-eabi/include\stdlib.h **** #ifndef __STRICT_ANSI__
  47:c:\program files (x86)\codesourcery\sourcery_codebench_lite_for_arm_eabi\bin\../lib/gcc/arm-none-eabi/4.7.2/../../../../arm-none-eabi/include\stdlib.h **** typedef struct
  48:c:\program files (x86)\codesourcery\sourcery_codebench_lite_for_arm_eabi\bin\../lib/gcc/arm-none-eabi/4.7.2/../../../../arm-none-eabi/include\stdlib.h **** {
  49:c:\program files (x86)\codesourcery\sourcery_codebench_lite_for_arm_eabi\bin\../lib/gcc/arm-none-eabi/4.7.2/../../../../arm-none-eabi/include\stdlib.h ****   long long int quot; /* quotient */
  50:c:\program files (x86)\codesourcery\sourcery_codebench_lite_for_arm_eabi\bin\../lib/gcc/arm-none-eabi/4.7.2/../../../../arm-none-eabi/include\stdlib.h ****   long long int rem; /* remainder */
  51:c:\program files (x86)\codesourcery\sourcery_codebench_lite_for_arm_eabi\bin\../lib/gcc/arm-none-eabi/4.7.2/../../../../arm-none-eabi/include\stdlib.h **** } lldiv_t;
  52:c:\program files (x86)\codesourcery\sourcery_codebench_lite_for_arm_eabi\bin\../lib/gcc/arm-none-eabi/4.7.2/../../../../arm-none-eabi/include\stdlib.h **** #endif
  53:c:\program files (x86)\codesourcery\sourcery_codebench_lite_for_arm_eabi\bin\../lib/gcc/arm-none-eabi/4.7.2/../../../../arm-none-eabi/include\stdlib.h **** 
  54:c:\program files (x86)\codesourcery\sourcery_codebench_lite_for_arm_eabi\bin\../lib/gcc/arm-none-eabi/4.7.2/../../../../arm-none-eabi/include\stdlib.h **** #ifndef NULL
  55:c:\program files (x86)\codesourcery\sourcery_codebench_lite_for_arm_eabi\bin\../lib/gcc/arm-none-eabi/4.7.2/../../../../arm-none-eabi/include\stdlib.h **** #define NULL 0
  56:c:\program files (x86)\codesourcery\sourcery_codebench_lite_for_arm_eabi\bin\../lib/gcc/arm-none-eabi/4.7.2/../../../../arm-none-eabi/include\stdlib.h **** #endif
  57:c:\program files (x86)\codesourcery\sourcery_codebench_lite_for_arm_eabi\bin\../lib/gcc/arm-none-eabi/4.7.2/../../../../arm-none-eabi/include\stdlib.h **** 
  58:c:\program files (x86)\codesourcery\sourcery_codebench_lite_for_arm_eabi\bin\../lib/gcc/arm-none-eabi/4.7.2/../../../../arm-none-eabi/include\stdlib.h **** #define EXIT_FAILURE 1
  59:c:\program files (x86)\codesourcery\sourcery_codebench_lite_for_arm_eabi\bin\../lib/gcc/arm-none-eabi/4.7.2/../../../../arm-none-eabi/include\stdlib.h **** #define EXIT_SUCCESS 0
  60:c:\program files (x86)\codesourcery\sourcery_codebench_lite_for_arm_eabi\bin\../lib/gcc/arm-none-eabi/4.7.2/../../../../arm-none-eabi/include\stdlib.h **** 
  61:c:\program files (x86)\codesourcery\sourcery_codebench_lite_for_arm_eabi\bin\../lib/gcc/arm-none-eabi/4.7.2/../../../../arm-none-eabi/include\stdlib.h **** #define RAND_MAX __RAND_MAX
  62:c:\program files (x86)\codesourcery\sourcery_codebench_lite_for_arm_eabi\bin\../lib/gcc/arm-none-eabi/4.7.2/../../../../arm-none-eabi/include\stdlib.h **** 
  63:c:\program files (x86)\codesourcery\sourcery_codebench_lite_for_arm_eabi\bin\../lib/gcc/arm-none-eabi/4.7.2/../../../../arm-none-eabi/include\stdlib.h **** int	_EXFUN(__locale_mb_cur_max,(_VOID));
  64:c:\program files (x86)\codesourcery\sourcery_codebench_lite_for_arm_eabi\bin\../lib/gcc/arm-none-eabi/4.7.2/../../../../arm-none-eabi/include\stdlib.h **** 
  65:c:\program files (x86)\codesourcery\sourcery_codebench_lite_for_arm_eabi\bin\../lib/gcc/arm-none-eabi/4.7.2/../../../../arm-none-eabi/include\stdlib.h **** #ifdef _AEABI_PORTABLE
  66:c:\program files (x86)\codesourcery\sourcery_codebench_lite_for_arm_eabi\bin\../lib/gcc/arm-none-eabi/4.7.2/../../../../arm-none-eabi/include\stdlib.h **** extern int _EXFUN(__aeabi_MB_CUR_MAX,(void));
  67:c:\program files (x86)\codesourcery\sourcery_codebench_lite_for_arm_eabi\bin\../lib/gcc/arm-none-eabi/4.7.2/../../../../arm-none-eabi/include\stdlib.h **** #define MB_CUR_MAX (__aeabi_MB_CUR_MAX())
  68:c:\program files (x86)\codesourcery\sourcery_codebench_lite_for_arm_eabi\bin\../lib/gcc/arm-none-eabi/4.7.2/../../../../arm-none-eabi/include\stdlib.h **** #else
  69:c:\program files (x86)\codesourcery\sourcery_codebench_lite_for_arm_eabi\bin\../lib/gcc/arm-none-eabi/4.7.2/../../../../arm-none-eabi/include\stdlib.h **** #define MB_CUR_MAX __locale_mb_cur_max()
  70:c:\program files (x86)\codesourcery\sourcery_codebench_lite_for_arm_eabi\bin\../lib/gcc/arm-none-eabi/4.7.2/../../../../arm-none-eabi/include\stdlib.h **** #endif /* _AEABI_PORTABLE */
  71:c:\program files (x86)\codesourcery\sourcery_codebench_lite_for_arm_eabi\bin\../lib/gcc/arm-none-eabi/4.7.2/../../../../arm-none-eabi/include\stdlib.h **** 
  72:c:\program files (x86)\codesourcery\sourcery_codebench_lite_for_arm_eabi\bin\../lib/gcc/arm-none-eabi/4.7.2/../../../../arm-none-eabi/include\stdlib.h **** _VOID	_EXFUN(abort,(_VOID) _ATTRIBUTE ((noreturn)));
  73:c:\program files (x86)\codesourcery\sourcery_codebench_lite_for_arm_eabi\bin\../lib/gcc/arm-none-eabi/4.7.2/../../../../arm-none-eabi/include\stdlib.h **** int	_EXFUN(abs,(int));
  74:c:\program files (x86)\codesourcery\sourcery_codebench_lite_for_arm_eabi\bin\../lib/gcc/arm-none-eabi/4.7.2/../../../../arm-none-eabi/include\stdlib.h **** int	_EXFUN(atexit,(_VOID (*__func)(_VOID)));
  75:c:\program files (x86)\codesourcery\sourcery_codebench_lite_for_arm_eabi\bin\../lib/gcc/arm-none-eabi/4.7.2/../../../../arm-none-eabi/include\stdlib.h **** double	_EXFUN(atof,(const char *__nptr));
  96              		.loc 2 75 0
  97 004c DFF82CB1 		ldr	fp, .L42+12
  98              		.loc 1 31 0
  99 0050 14E0     		b	.L7
 100              	.LVL6:
 101              	.L9:
  32:cmath/atof.c  ****     {
  33:cmath/atof.c  **** 	if( j >= 0 )
 102              		.loc 1 33 0
 103 0052 002F     		cmp	r7, #0
 104 0054 10DB     		blt	.L8
 105              		.loc 2 75 0
 106 0056 0BEBC708 		add	r8, fp, r7, lsl #3
  34:cmath/atof.c  **** 	{
  35:cmath/atof.c  **** 	    val += powten[j] * (s[i] - '0');
 107              		.loc 1 35 0
 108 005a FFF7FEFF 		bl	__aeabi_i2d
 109              	.LVL7:
 110 005e 4346     		mov	r3, r8
 111 0060 D3E90023 		ldrd	r2, [r3]
 112 0064 FFF7FEFF 		bl	__aeabi_dmul
 113              	.LVL8:
 114 0068 0246     		mov	r2, r0
 115 006a 0B46     		mov	r3, r1
 116 006c 2046     		mov	r0, r4
 117 006e 2946     		mov	r1, r5
 118 0070 FFF7FEFF 		bl	__aeabi_dadd
 119              	.LVL9:
 120 0074 0446     		mov	r4, r0
 121              	.LVL10:
 122 0076 0D46     		mov	r5, r1
 123              	.LVL11:
 124              	.L8:
  36:cmath/atof.c  **** 	}
  37:cmath/atof.c  **** 	j--;
 125              		.loc 1 37 0
 126 0078 013F     		subs	r7, r7, #1
 127              	.LVL12:
  31:cmath/atof.c  ****     for( val = 0.0, j = PZERO; s[i] >= '0' && s[i] <= '9'; i++) 
 128              		.loc 1 31 0
 129 007a 0136     		adds	r6, r6, #1
 130              	.LVL13:
 131              	.L7:
  31:cmath/atof.c  ****     for( val = 0.0, j = PZERO; s[i] >= '0' && s[i] <= '9'; i++) 
 132              		.loc 1 31 0 is_stmt 0 discriminator 1
 133 007c 1AF80630 		ldrb	r3, [sl, r6]	@ zero_extendqisi2
 134              		.loc 2 75 0 is_stmt 1 discriminator 1
 135 0080 C7F14B08 		rsb	r8, r7, #75
 136              	.LVL14:
  31:cmath/atof.c  ****     for( val = 0.0, j = PZERO; s[i] >= '0' && s[i] <= '9'; i++) 
 137              		.loc 1 31 0 discriminator 1
 138 0084 A3F13000 		sub	r0, r3, #48
 139 0088 C2B2     		uxtb	r2, r0
 140 008a 092A     		cmp	r2, #9
 141 008c E1D9     		bls	.L9
  38:cmath/atof.c  **** 	ex++;
  39:cmath/atof.c  ****     }
  40:cmath/atof.c  **** 
  41:cmath/atof.c  **** /* if first non-digit is decimal point skip it and keep going */
  42:cmath/atof.c  **** /* if it is not a decimal point we fall through to test for exponent */
  43:cmath/atof.c  ****     if( s[i]  ==  '.' )
 142              		.loc 1 43 0
 143 008e 2E2B     		cmp	r3, #46
 144 0090 16D1     		bne	.L39
 145 0092 14E0     		b	.L41
 146              	.L13:
  44:cmath/atof.c  **** 	i++;
  45:cmath/atof.c  **** 
  46:cmath/atof.c  **** /* continue to build value while the digits keep coming */
  47:cmath/atof.c  ****     for( ; s[i] >= '0' && s[i] <= '9'; i++ )
  48:cmath/atof.c  ****     {
  49:cmath/atof.c  **** 	if( j >= 0 )
 147              		.loc 1 49 0
 148 0094 002F     		cmp	r7, #0
 149 0096 11DB     		blt	.L12
 150              		.loc 2 75 0
 151 0098 384B     		ldr	r3, .L42+12
 152 009a 03EBC70B 		add	fp, r3, r7, lsl #3
  50:cmath/atof.c  **** 	    val += powten[j] * (s[i] - '0');
 153              		.loc 1 50 0
 154 009e FFF7FEFF 		bl	__aeabi_i2d
 155              	.LVL15:
 156 00a2 5B46     		mov	r3, fp
 157 00a4 D3E90023 		ldrd	r2, [r3]
 158 00a8 FFF7FEFF 		bl	__aeabi_dmul
 159              	.LVL16:
 160 00ac 0246     		mov	r2, r0
 161 00ae 0B46     		mov	r3, r1
 162 00b0 2046     		mov	r0, r4
 163 00b2 2946     		mov	r1, r5
 164 00b4 FFF7FEFF 		bl	__aeabi_dadd
 165              	.LVL17:
 166 00b8 0446     		mov	r4, r0
 167              	.LVL18:
 168 00ba 0D46     		mov	r5, r1
 169              	.LVL19:
 170              	.L12:
  51:cmath/atof.c  **** 	j--;
 171              		.loc 1 51 0
 172 00bc 013F     		subs	r7, r7, #1
 173              	.LVL20:
 174              	.L41:
  47:cmath/atof.c  ****     for( ; s[i] >= '0' && s[i] <= '9'; i++ )
 175              		.loc 1 47 0
 176 00be 0136     		adds	r6, r6, #1
 177              	.LVL21:
 178              	.L39:
  47:cmath/atof.c  ****     for( ; s[i] >= '0' && s[i] <= '9'; i++ )
 179              		.loc 1 47 0 is_stmt 0 discriminator 1
 180 00c0 1AF80630 		ldrb	r3, [sl, r6]	@ zero_extendqisi2
 181 00c4 A3F13000 		sub	r0, r3, #48
 182 00c8 C2B2     		uxtb	r2, r0
 183 00ca 092A     		cmp	r2, #9
 184 00cc E2D9     		bls	.L13
  52:cmath/atof.c  ****     }
  53:cmath/atof.c  **** 
  54:cmath/atof.c  **** /* if non-digit was an exponent flag deal with exponent */
  55:cmath/atof.c  ****     if( s[i] == 'e' || s[i] == 'E' ) 
 185              		.loc 1 55 0 is_stmt 1
 186 00ce 652B     		cmp	r3, #101
 187 00d0 01D0     		beq	.L14
 188              		.loc 1 55 0 is_stmt 0 discriminator 1
 189 00d2 452B     		cmp	r3, #69
 190 00d4 21D1     		bne	.L15
 191              	.L14:
  56:cmath/atof.c  ****     {
  57:cmath/atof.c  **** 	i++;
 192              		.loc 1 57 0 is_stmt 1
 193 00d6 731C     		adds	r3, r6, #1
 194              	.LVL22:
  58:cmath/atof.c  **** 	esign = 1;
  59:cmath/atof.c  **** 
  60:cmath/atof.c  **** /* check for explicit + or - sign in exponent and deal with it */
  61:cmath/atof.c  **** 	if( s[i]  ==  '+' || s[i]  ==  '-' )
 195              		.loc 1 61 0
 196 00d8 1AF80320 		ldrb	r2, [sl, r3]	@ zero_extendqisi2
 197 00dc 2B2A     		cmp	r2, #43
 198 00de 01D0     		beq	.L16
 199              		.loc 1 61 0 is_stmt 0 discriminator 1
 200 00e0 2D2A     		cmp	r2, #45
 201 00e2 06D1     		bne	.L25
 202              	.L16:
  62:cmath/atof.c  **** 	    esign = (s[i++] == '+') ? 1 : -1;
 203              		.loc 1 62 0 is_stmt 1
 204 00e4 B31C     		adds	r3, r6, #2
 205              	.LVL23:
 206 00e6 2B2A     		cmp	r2, #43
 207 00e8 14BF     		ite	ne
 208 00ea 4FF0FF32 		movne	r2, #-1
 209 00ee 0122     		moveq	r2, #1
 210 00f0 00E0     		b	.L17
 211              	.L25:
  58:cmath/atof.c  **** 	esign = 1;
 212              		.loc 1 58 0
 213 00f2 0122     		movs	r2, #1
 214              	.L17:
 215              	.LVL24:
 216              		.loc 2 75 0
 217 00f4 0AEB0300 		add	r0, sl, r3
  63:cmath/atof.c  **** 	for( ex1 = 0; s[i] >= '0' && s[i] <= '9'; i++ )
  64:cmath/atof.c  **** 	    ex1 = 10 * ex1 + s[i] - '0';
 218              		.loc 1 64 0
 219 00f8 0A27     		movs	r7, #10
 220              	.LVL25:
  63:cmath/atof.c  **** 	for( ex1 = 0; s[i] >= '0' && s[i] <= '9'; i++ )
 221              		.loc 1 63 0
 222 00fa 0023     		movs	r3, #0
 223              	.LVL26:
 224 00fc 02E0     		b	.L18
 225              	.LVL27:
 226              	.L19:
 227              		.loc 1 64 0 discriminator 2
 228 00fe 07FB0313 		mla	r3, r7, r3, r1
 229              	.LVL28:
 230 0102 303B     		subs	r3, r3, #48
 231              	.LVL29:
 232              	.L18:
  63:cmath/atof.c  **** 	for( ex1 = 0; s[i] >= '0' && s[i] <= '9'; i++ )
 233              		.loc 1 63 0 discriminator 1
 234 0104 10F8011B 		ldrb	r1, [r0], #1	@ zero_extendqisi2
 235 0108 A1F13006 		sub	r6, r1, #48
 236 010c 092E     		cmp	r6, #9
 237 010e F6D9     		bls	.L19
  65:cmath/atof.c  **** 	ex += ex1 * esign;
 238              		.loc 1 65 0
 239 0110 02FB0388 		mla	r8, r2, r3, r8
 240              	.LVL30:
  66:cmath/atof.c  ****     }
  67:cmath/atof.c  **** /* incorporate exponent into val */
  68:cmath/atof.c  ****     if( ex < 0 )
 241              		.loc 1 68 0
 242 0114 B8F1000F 		cmp	r8, #0
 243 0118 19DB     		blt	.L27
 244              	.LVL31:
 245              	.L15:
  69:cmath/atof.c  **** 	val = 0.0;
  70:cmath/atof.c  ****     else if( ex < PMAX || (ex  ==  PMAX && val < HUGE_NOR) )
 246              		.loc 1 70 0
 247 011a B8F14B0F 		cmp	r8, #75
 248 011e 0ADD     		ble	.L21
 249              		.loc 1 70 0 is_stmt 0 discriminator 1
 250 0120 B8F14C0F 		cmp	r8, #76
 251 0124 16D1     		bne	.L40
 252 0126 12A3     		adr	r3, .L42
 253 0128 D3E90023 		ldrd	r2, [r3]
 254 012c 2046     		mov	r0, r4
 255 012e 2946     		mov	r1, r5
 256 0130 FFF7FEFF 		bl	__aeabi_dcmplt
 257              	.LVL32:
 258 0134 70B1     		cbz	r0, .L40
 259              	.L21:
  71:cmath/atof.c  **** 	val *= powten[ex];
 260              		.loc 1 71 0 is_stmt 1
 261 0136 114B     		ldr	r3, .L42+12
 262 0138 2046     		mov	r0, r4
 263 013a 03EBC803 		add	r3, r3, r8, lsl #3
 264 013e 2946     		mov	r1, r5
 265 0140 D3E90023 		ldrd	r2, [r3]
 266 0144 FFF7FEFF 		bl	__aeabi_dmul
 267              	.LVL33:
 268 0148 0446     		mov	r4, r0
 269              	.LVL34:
 270 014a 0D46     		mov	r5, r1
 271              	.LVL35:
 272 014c 04E0     		b	.L20
 273              	.LVL36:
 274              	.L27:
  69:cmath/atof.c  **** 	val = 0.0;
 275              		.loc 1 69 0
 276 014e 0024     		movs	r4, #0
 277              	.LVL37:
 278 0150 0025     		movs	r5, #0
 279 0152 01E0     		b	.L20
 280              	.LVL38:
 281              	.L40:
  72:cmath/atof.c  ****     else 
  73:cmath/atof.c  ****     {
  74:cmath/atof.c  **** 	//cmemsg(FP_BIGI, s);
  75:cmath/atof.c  **** 	val = HUGE_VAL;
 282              		.loc 1 75 0
 283 0154 0A4D     		ldr	r5, .L42+16
 284 0156 0024     		movs	r4, #0
 285              	.LVL39:
 286              	.L20:
  76:cmath/atof.c  ****     }
  77:cmath/atof.c  **** /* check that we have an acceptable termination; if not call error system
  78:cmath/atof.c  ****    before returning with what we have */
  79:cmath/atof.c  ****     val *= sign;
 287              		.loc 1 79 0
 288 0158 4846     		mov	r0, r9
 289 015a FFF7FEFF 		bl	__aeabi_i2d
 290              	.LVL40:
 291 015e 0246     		mov	r2, r0
 292 0160 0B46     		mov	r3, r1
 293 0162 2046     		mov	r0, r4
 294 0164 2946     		mov	r1, r5
 295 0166 FFF7FEFF 		bl	__aeabi_dmul
 296              	.LVL41:
  80:cmath/atof.c  ****     return val;
  81:cmath/atof.c  **** }
 297              		.loc 1 81 0
 298 016a BDE8F88F 		pop	{r3, r4, r5, r6, r7, r8, r9, sl, fp, pc}
 299              	.L43:
 300 016e 00BF     		.align	3
 301              	.L42:
 302 0170 E478AA9D 		.word	-1649772316
 303 0174 FB38FB3F 		.word	1073428731
 304 0178 000100C0 		.word	-1073741568
 305 017c 00000000 		.word	powten
 306 0180 0000F07F 		.word	2146435072
 307              		.cfi_endproc
 308              	.LFE0:
 310              	.Letext0:
DEFINED SYMBOLS
                            *ABS*:00000000 atof.c
C:\Users\Rene\AppData\Local\Temp\ccfQWm1y.s:22     .text:00000000 $t
C:\Users\Rene\AppData\Local\Temp\ccfQWm1y.s:27     .text:00000000 atof
C:\Users\Rene\AppData\Local\Temp\ccfQWm1y.s:302    .text:00000170 $d
                     .debug_frame:00000010 $d
C:\Users\Rene\AppData\Local\Temp\ccfQWm1y.s:311    .text:00000184 $t

UNDEFINED SYMBOLS
__aeabi_i2d
__aeabi_dmul
__aeabi_dadd
__aeabi_dcmplt
powten
