   1              		.syntax unified
   2              		.cpu cortex-m3
   3              		.fpu softvfp
   4              		.eabi_attribute 20, 1
   5              		.eabi_attribute 21, 1
   6              		.eabi_attribute 23, 3
   7              		.eabi_attribute 24, 1
   8              		.eabi_attribute 25, 1
   9              		.eabi_attribute 26, 1
  10              		.eabi_attribute 30, 4
  11              		.eabi_attribute 34, 1
  12              		.eabi_attribute 18, 4
  13              		.thumb
  14              		.file	"powten.c"
  15              		.text
  16              	.Ltext0:
  17              		.cfi_sections	.debug_frame
  18              		.global	powten
  19              		.section	.rodata
  20              		.align	3
  23              	powten:
  24 0000 E478AA9D 		.word	-1649772316
  25 0004 FB380B38 		.word	940259579
  26 0008 8F8B8A42 		.word	1116375951
  27 000c 9D034138 		.word	943784861
  28 0010 722E2D93 		.word	-1825755534
  29 0014 84447538 		.word	947209348
  30 0018 0F7AF8B7 		.word	-1208452593
  31 001c A595AA38 		.word	950703525
  32 0020 494CFB92 		.word	-1829024695
  33 0024 879DE038 		.word	954244487
  34 0028 5C1FBA77 		.word	2008686428
  35 002c E9C41439 		.word	957662441
  36 0030 33A7A8D5 		.word	-710367437
  37 0034 23F64939 		.word	961148451
  38 0038 80688965 		.word	1703504000
  39 003c D6398039 		.word	964704726
  40 0040 A0C2EBFE 		.word	-18103648
  41 0044 4B48B439 		.word	968116299
  42 0048 47B3A6FE 		.word	-22629561
  43 004c 5E5AE939 		.word	971594334
  44 0050 196050BE 		.word	-1102028775
  45 0054 F6B01F3A 		.word	975155446
  46 0058 103CF236 		.word	921844752
  47 005c 9ACE533A 		.word	978570906
  48 0060 14CBAEC4 		.word	-995177708
  49 0064 40C2883A 		.word	982041152
  50 0068 D97DDAF5 		.word	-170230311
  51 006c D0F2BE3A 		.word	985592528
  52 0070 A78EA899 		.word	-1717006681
  53 0074 C257F33A 		.word	989026242
  54 0078 51B21240 		.word	1074967121
  55 007c B32D283B 		.word	992488883
  56 0080 E65E1710 		.word	269967078
  57 0084 20395E3B 		.word	996030752
  58 0088 4F9B0E0A 		.word	168729423
  59 008c B4E3923B 		.word	999482292
  60 0090 2342920C 		.word	210911779
  61 0094 A19CC73B 		.word	1002937505
  62 0098 ACD2B64F 		.word	1337381548
  63 009c C983FD3B 		.word	1006470089
  64 00a0 AC43D2D1 		.word	-774749268
  65 00a4 5D72323C 		.word	1009939037
  66 00a8 97D44646 		.word	1179047063
  67 00ac F50E673C 		.word	1013386997
  68 00b0 BC89D897 		.word	-1747416644
  69 00b4 B2D29C3C 		.word	1016910514
  70 00b8 1656E79E 		.word	-1629006314
  71 00bc AF03D23C 		.word	1020396463
  72 00c0 9B2BA186 		.word	-2036257893
  73 00c4 9B84063D 		.word	1023837339
  74 00c8 82764968 		.word	1749644930
  75 00cc C2253C3D 		.word	1027352002
  76 00d0 11EA2D81 		.word	-2127697391
  77 00d4 9997713D 		.word	1030854553
  78 00d8 956479E1 		.word	-512138091
  79 00dc 7FFDA53D 		.word	1034288511
  80 00e0 BBBDD7D9 		.word	-640172613
  81 00e4 DF7CDB3D 		.word	1037794527
  82 00e8 95D626E8 		.word	-400107883
  83 00ec 0B2E113E 		.word	1041313291
  84 00f0 3A8C30E2 		.word	-500134854
  85 00f4 8E79453E 		.word	1044740494
  86 00f8 48AFBC9A 		.word	-1698910392
  87 00fc F2D77A3E 		.word	1048238066
  88 0100 8DEDB5A0 		.word	-1598689907
  89 0104 F7C6B03E 		.word	1051772663
  90 0108 F168E388 		.word	-1998362383
  91 010c B5F8E43E 		.word	1055193269
  92 0110 2D431CEB 		.word	-350469331
  93 0114 E2361A3F 		.word	1058682594
  94 0118 FCA9F1D2 		.word	-755914244
  95 011c 4D62503F 		.word	1062232653
  96 0120 7B14AE47 		.word	1202590843
  97 0124 E17A843F 		.word	1065646817
  98 0128 9A999999 		.word	-1717986918
  99 012c 9999B93F 		.word	1069128089
 100 0130 00000000 		.word	0
 101 0134 0000F03F 		.word	1072693248
 102 0138 00000000 		.word	0
 103 013c 00002440 		.word	1076101120
 104 0140 00000000 		.word	0
 105 0144 00005940 		.word	1079574528
 106 0148 00000000 		.word	0
 107 014c 00408F40 		.word	1083129856
 108 0150 00000000 		.word	0
 109 0154 0088C340 		.word	1086556160
 110 0158 00000000 		.word	0
 111 015c 006AF840 		.word	1090021888
 112 0160 00000000 		.word	0
 113 0164 80842E41 		.word	1093567616
 114 0168 00000000 		.word	0
 115 016c D0126341 		.word	1097011920
 116 0170 00000000 		.word	0
 117 0174 84D79741 		.word	1100470148
 118 0178 00000000 		.word	0
 119 017c 65CDCD41 		.word	1104006501
 120 0180 00000020 		.word	536870912
 121 0184 5FA00242 		.word	1107468383
 122 0188 000000E8 		.word	-402653184
 123 018c 76483742 		.word	1110919286
 124 0190 000000A2 		.word	-1577058304
 125 0194 941A6D42 		.word	1114446484
 126 0198 000040E5 		.word	-448790528
 127 019c 9C30A242 		.word	1117925532
 128 01a0 0000901E 		.word	512753664
 129 01a4 C4BCD642 		.word	1121369284
 130 01a8 00003426 		.word	640942080
 131 01ac F56B0C43 		.word	1124887541
 132 01b0 0080E037 		.word	937459712
 133 01b4 79C34143 		.word	1128383353
 134 01b8 00A0D885 		.word	-2049400832
 135 01bc 57347643 		.word	1131820119
 136 01c0 00C84E67 		.word	1733216256
 137 01c4 6DC1AB43 		.word	1135329645
 138 01c8 003D9160 		.word	1620131072
 139 01cc E458E143 		.word	1138841828
 140 01d0 408CB578 		.word	2025163840
 141 01d4 1DAF1544 		.word	1142271773
 142 01d8 50EFE2D6 		.word	-689770672
 143 01dc E41A4B44 		.word	1145772772
 144 01e0 92D54D06 		.word	105764242
 145 01e4 CFF08044 		.word	1149300943
 146 01e8 F64AE1C7 		.word	-941536522
 147 01ec 022DB544 		.word	1152724226
 148 01f0 B49DD979 		.word	2044304820
 149 01f4 4378EA44 		.word	1156216899
 150 01f8 9102282C 		.word	740819601
 151 01fc 2A8B2045 		.word	1159760682
 152 0200 350332B7 		.word	-1221459147
 153 0204 F4AD5445 		.word	1163177460
 154 0208 0284FEE4 		.word	-453082110
 155 020c 71D98945 		.word	1166662001
 156 0210 81121F2F 		.word	790565505
 157 0214 E727C045 		.word	1170221031
 158 0218 21D7E6FA 		.word	-85534943
 159 021c E031F445 		.word	1173631456
 160 0220 EA8CA039 		.word	966823146
 161 0224 593E2946 		.word	1177108057
 162 0228 24B00888 		.word	-2012696540
 163 022c EF8D5F46 		.word	1180667375
 164 0230 176E05B5 		.word	-1257935337
 165 0234 B5B89346 		.word	1184086197
 166 0238 9CC94622 		.word	575064476
 167 023c E3A6C846 		.word	1187555043
 168 0240 037CD8EA 		.word	-354911229
 169 0244 9BD0FE46 		.word	1191104667
 170 0248 824DC772 		.word	1925664130
 171 024c 61423347 		.word	1194541665
 172 0250 E32079CF 		.word	-814145309
 173 0254 F9126847 		.word	1198002937
 174 0258 1B695743 		.word	1129802011
 175 025c B8179E47 		.word	1201543096
 176 0260 B1A1162A 		.word	706126257
 177 0264 D3CED247 		.word	1204997843
 178              		.text
 179              	.Letext0:
 180              		.file 1 "cmath/powten.c"
DEFINED SYMBOLS
                            *ABS*:00000000 powten.c
C:\Users\Rene\AppData\Local\Temp\ccpjhSCq.s:23     .rodata:00000000 powten
C:\Users\Rene\AppData\Local\Temp\ccpjhSCq.s:20     .rodata:00000000 $d

NO UNDEFINED SYMBOLS
