b_scan
BLE: start scanning as Central GAP
>Scanning

%7FCD9439F679,1,,FE9F,AE%

%3033CAD1CA38,1,B6,Brcst:1EFF0600010920027859C6BFF9915BEFC2FAE2F2AF0FEFB4E717BDC2EA2161%

%801F12B42646,0,GrandpaBox,,C7%

%72A21FD58735,1,,,AF%

%762767BFF1AB,1,,,AE%

%5B8D8640FE6D,1,,FE9F,B5%

%40336D7438C5,1,B0,Brcst:0AFF75007750C8E5F02E8C%

%6E9970D9D4E4,1,,,AD%

%5285819DB0F2,1,,,AF%

%6FBDEB86BD20,1,,,AF%

%7950BE4830C6,1,,,B0%

%2F3BDB0BDFDA,1,B0,Brcst:1EFF0600010920027859C6BFF9915BEFC2FAE2F2AF0FEFB4E717BDC2EA2161%

%5B325D92ABC8,1,,,AF%

%5827D0202A27,1,,,AF%

%66BDCFFEA13A,1,,,AB%

%71DA8E252127,1,,,AC%

%6C8A9806F48B,1,,,AD%

%6AE848CAF436,1,,,AF%

%479BE11BF998,1,,,AA%

%4594400D44B7,1,,,B2%

%6AA53D48F75E,1,,,AF%

